Using pre-set license
Built from '2020.2/release' branch; Version is '2020.2.1f1 (270dd8c3da1c) revision 2559448'; Using compiler version '192528614'; Build Type 'Release'
OS: 'Windows 10  (10.0.0) 64bit' Language: 'tr' Physical Memory: 16272 MB
BatchMode: 1, IsHumanControllingUs: 0, StartBugReporterOnCrash: 0, Is64bit: 1, IsPro: 0

 COMMAND LINE ARGUMENTS:
C:\Program Files\Unity\Hub\Editor\2020.2.1f1\Editor\Unity.exe
-adb2
-batchMode
-noUpm
-name
AssetImportWorker0
-projectPath
C:/Users/SEVAL/Desktop/Game/PersonalLibrary
-logFile
Logs/AssetImportWorker0.log
-srvPort
63053
Successfully changed project path to: C:/Users/SEVAL/Desktop/Game/PersonalLibrary
C:/Users/SEVAL/Desktop/Game/PersonalLibrary
Using Asset Import Pipeline V2.
Refreshing native plugins compatible for Editor in 47.54 ms, found 0 plugins.
Preloading 0 native plugins for Editor in 0.00 ms.
Initialize engine version: 2020.2.1f1 (270dd8c3da1c)
[Subsystems] Discovering subsystems at path C:/Program Files/Unity/Hub/Editor/2020.2.1f1/Editor/Data/Resources/UnitySubsystems
[Subsystems] Discovering subsystems at path C:/Users/SEVAL/Desktop/Game/PersonalLibrary/Assets
GfxDevice: creating device client; threaded=0
Direct3D:
    Version:  Direct3D 11.0 [level 11.1]
    Renderer: NVIDIA GeForce GTX 1050 (ID=0x1c8d)
    Vendor:   
    VRAM:     4050 MB
    Driver:   22.21.13.8205
Initialize mono
Mono path[0] = 'C:/Program Files/Unity/Hub/Editor/2020.2.1f1/Editor/Data/Managed'
Mono path[1] = 'C:/Program Files/Unity/Hub/Editor/2020.2.1f1/Editor/Data/MonoBleedingEdge/lib/mono/unityjit'
Mono config path = 'C:/Program Files/Unity/Hub/Editor/2020.2.1f1/Editor/Data/MonoBleedingEdge/etc'
Using monoOptions --debugger-agent=transport=dt_socket,embedding=1,server=y,suspend=n,address=127.0.0.1:56572
Begin MonoManager ReloadAssembly
Registering precompiled unity dll's ...
Register platform support module: C:/Program Files/Unity/Hub/Editor/2020.2.1f1/Editor/Data/PlaybackEngines/WebGLSupport/UnityEditor.WebGL.Extensions.dll
Register platform support module: C:/Program Files/Unity/Hub/Editor/2020.2.1f1/Editor/Data/PlaybackEngines/WindowsStandaloneSupport/UnityEditor.WindowsStandalone.Extensions.dll
Registered in 0.003440 seconds.
Native extension for WindowsStandalone target not found
Native extension for WebGL target not found
Refreshing native plugins compatible for Editor in 39.78 ms, found 0 plugins.
Preloading 0 native plugins for Editor in 0.00 ms.
Invoked RoslynAnalysisRunner static constructor.
RoslynAnalysisRunner will not be running.
RoslynAnalysisRunner has terminated.
Mono: successfully reloaded assembly
- Completed reload, in  3.350 seconds
Platform modules already initialized, skipping
Registering precompiled user dll's ...
Registered in 0.001076 seconds.
Begin MonoManager ReloadAssembly
Native extension for WindowsStandalone target not found
Native extension for WebGL target not found
Refreshing native plugins compatible for Editor in 0.40 ms, found 0 plugins.
Preloading 0 native plugins for Editor in 0.00 ms.
Invoked RoslynAnalysisRunner static constructor.
RoslynAnalysisRunner will not be running.
RoslynAnalysisRunner has terminated.
Mono: successfully reloaded assembly
- Completed reload, in  1.057 seconds
Platform modules already initialized, skipping
========================================================================
Worker process is ready to serve import requests
Launched and connected shader compiler UnityShaderCompiler.exe after 0.09 seconds
Refreshing native plugins compatible for Editor in 0.37 ms, found 0 plugins.
Preloading 0 native plugins for Editor in 0.00 ms.
Unloading 1207 Unused Serialized files (Serialized files now loaded: 0)
System memory in use before: 59.2 MB.
System memory in use after: 59.3 MB.

Unloading 25 unused Assets to reduce memory usage. Loaded Objects now: 1634.
Total: 2.524500 ms (FindLiveObjects: 0.487500 ms CreateObjectMapping: 0.296700 ms MarkObjects: 1.645300 ms  DeleteObjects: 0.092800 ms)

========================================================================
Received Import Request.
  path: Assets/Scenes/s8.unity
  artifactKey: Guid(1ac11cd5ca12de14aa20f8820b322586) Importer(815301076,1909f56bfc062723c751e8b465ee728b)
Start importing Assets/Scenes/s8.unity using Guid(1ac11cd5ca12de14aa20f8820b322586) Importer(815301076,1909f56bfc062723c751e8b465ee728b)  -> (artifact id: '739c271d0ab88bc1afe48d12c96c352d') in 0.015039 seconds
  Import took 0.017304 seconds .

========================================================================
Received Import Request.
  Time since last request: 0.000378 seconds.
  path: Assets/Scenes/s7.unity
  artifactKey: Guid(2e368f43b8be77447a879196ed03640e) Importer(815301076,1909f56bfc062723c751e8b465ee728b)
Start importing Assets/Scenes/s7.unity using Guid(2e368f43b8be77447a879196ed03640e) Importer(815301076,1909f56bfc062723c751e8b465ee728b)  -> (artifact id: 'e5f9dfcfeb31ba44f8c35da80eb80d35') in 0.005171 seconds
  Import took 0.007968 seconds .

========================================================================
Received Import Request.
  Time since last request: 8.372319 seconds.
  path: Assets
  artifactKey: Guid(00000000000000001000000000000000) Importer(815301076,1909f56bfc062723c751e8b465ee728b)
Start importing Assets using Guid(00000000000000001000000000000000) Importer(815301076,1909f56bfc062723c751e8b465ee728b)  -> (artifact id: 'e1a2c4dac9df7c17871e19a3b74f0e9f') in 0.006451 seconds
  Import took 0.009620 seconds .

========================================================================
Received Import Request.
  Time since last request: 5.872892 seconds.
  path: Assets/Prefabs
  artifactKey: Guid(598c107c2d5bd464ba9bad845b5f33eb) Importer(815301076,1909f56bfc062723c751e8b465ee728b)
Start importing Assets/Prefabs using Guid(598c107c2d5bd464ba9bad845b5f33eb) Importer(815301076,1909f56bfc062723c751e8b465ee728b)  -> (artifact id: 'aa4daf2eeaa8fa5012ca2991f3b4205c') in 0.007872 seconds
  Import took 0.011983 seconds .

========================================================================
Received Import Request.
  Time since last request: 0.004750 seconds.
  path: Assets/Prefabs
  artifactKey: Guid(598c107c2d5bd464ba9bad845b5f33eb) Importer(815301076,1909f56bfc062723c751e8b465ee728b)
Start importing Assets/Prefabs using Guid(598c107c2d5bd464ba9bad845b5f33eb) Importer(815301076,1909f56bfc062723c751e8b465ee728b)  -> (artifact id: 'aa4daf2eeaa8fa5012ca2991f3b4205c') in 0.004457 seconds
  Import took 0.009085 seconds .

========================================================================
Received Import Request.
  Time since last request: 2.533052 seconds.
  path: Assets/Prefabs/Sphere.prefab
  artifactKey: Guid(d8190e9a74281b947b02cf8146d77ea6) Importer(815301076,1909f56bfc062723c751e8b465ee728b)
Start importing Assets/Prefabs/Sphere.prefab using Guid(d8190e9a74281b947b02cf8146d77ea6) Importer(815301076,1909f56bfc062723c751e8b465ee728b)  -> (artifact id: 'cb811c659c3b4add4529b280ba0be6c8') in 0.163310 seconds
  Import took 0.166096 seconds .

========================================================================
Received Import Request.
  Time since last request: 3.264923 seconds.
  path: Assets/Prefabs/ground.prefab
  artifactKey: Guid(77b0fe9a56d13f442bd1a1dd09513f0d) Importer(815301076,1909f56bfc062723c751e8b465ee728b)
Start importing Assets/Prefabs/ground.prefab using Guid(77b0fe9a56d13f442bd1a1dd09513f0d) Importer(815301076,1909f56bfc062723c751e8b465ee728b)  -> (artifact id: 'ad3541736d7e1e437af2381fb911a171') in 0.014727 seconds
  Import took 0.018298 seconds .

========================================================================
Received Import Request.
  Time since last request: 69.282387 seconds.
  path: Assets/materials/New Material.mat
  artifactKey: Guid(990b8e9201891994ab2e66a8fe6e8e96) Importer(815301076,1909f56bfc062723c751e8b465ee728b)
Start importing Assets/materials/New Material.mat using Guid(990b8e9201891994ab2e66a8fe6e8e96) Importer(815301076,1909f56bfc062723c751e8b465ee728b)  -> (artifact id: '5ed0c1914d9d9add849b12926d728b74') in 0.051325 seconds
  Import took 0.055712 seconds .

========================================================================
Received Import Request.
  Time since last request: 21.619909 seconds.
  path: Assets/scripts/s8
  artifactKey: Guid(3d0707d11892af2419e927cce4ba894b) Importer(815301076,1909f56bfc062723c751e8b465ee728b)
Start importing Assets/scripts/s8 using Guid(3d0707d11892af2419e927cce4ba894b) Importer(815301076,1909f56bfc062723c751e8b465ee728b)  -> (artifact id: '96e31def8749812274dc5886d917a22a') in 0.005791 seconds
  Import took 0.009163 seconds .

========================================================================
Received Import Request.
  Time since last request: 0.005311 seconds.
  path: Assets/scripts/s8
  artifactKey: Guid(3d0707d11892af2419e927cce4ba894b) Importer(815301076,1909f56bfc062723c751e8b465ee728b)
Start importing Assets/scripts/s8 using Guid(3d0707d11892af2419e927cce4ba894b) Importer(815301076,1909f56bfc062723c751e8b465ee728b)  -> (artifact id: '96e31def8749812274dc5886d917a22a') in 0.003798 seconds
  Import took 0.008261 seconds .

========================================================================
Received Import Request.
  Time since last request: 24.612503 seconds.
  path: Assets/scripts/s8/Stack.cs
  artifactKey: Guid(d3d1fd7119b528240b055004f926371f) Importer(815301076,1909f56bfc062723c751e8b465ee728b)
Start importing Assets/scripts/s8/Stack.cs using Guid(d3d1fd7119b528240b055004f926371f) Importer(815301076,1909f56bfc062723c751e8b465ee728b)  -> (artifact id: '89cc6243df398bbbcae91b146ea5af7c') in 0.025117 seconds
  Import took 0.027790 seconds .

========================================================================
Received Import Request.
  Time since last request: 52.412559 seconds.
  path: Assets/scripts/s8/Stack.cs
  artifactKey: Guid(d3d1fd7119b528240b055004f926371f) Importer(815301076,1909f56bfc062723c751e8b465ee728b)
Start importing Assets/scripts/s8/Stack.cs using Guid(d3d1fd7119b528240b055004f926371f) Importer(815301076,1909f56bfc062723c751e8b465ee728b)  -> (artifact id: '32ff877e16365b4b09d15bbd04da825d') in 0.007279 seconds
  Import took 0.010144 seconds .

========================================================================
Received Import Request.
  Time since last request: 0.031349 seconds.
  path: Assets/scripts/s8/Stack.cs
  artifactKey: Guid(d3d1fd7119b528240b055004f926371f) Importer(815301076,1909f56bfc062723c751e8b465ee728b)
Start importing Assets/scripts/s8/Stack.cs using Guid(d3d1fd7119b528240b055004f926371f) Importer(815301076,1909f56bfc062723c751e8b465ee728b)  -> (artifact id: '32ff877e16365b4b09d15bbd04da825d') in 0.042304 seconds
  Import took 0.045131 seconds .

========================================================================
Received Import Request.
  Time since last request: 151.398269 seconds.
  path: Assets/scripts/s8/Stack.cs
  artifactKey: Guid(d3d1fd7119b528240b055004f926371f) Importer(815301076,1909f56bfc062723c751e8b465ee728b)
Start importing Assets/scripts/s8/Stack.cs using Guid(d3d1fd7119b528240b055004f926371f) Importer(815301076,1909f56bfc062723c751e8b465ee728b)  -> (artifact id: '58d3610a0e8d866c0b673ff59461d2e1') in 0.006883 seconds
  Import took 0.010972 seconds .

========================================================================
Received Import Request.
  Time since last request: 0.003219 seconds.
  path: Assets/scripts/s8/Stack.cs
  artifactKey: Guid(d3d1fd7119b528240b055004f926371f) Importer(815301076,1909f56bfc062723c751e8b465ee728b)
Start importing Assets/scripts/s8/Stack.cs using Guid(d3d1fd7119b528240b055004f926371f) Importer(815301076,1909f56bfc062723c751e8b465ee728b)  -> (artifact id: '58d3610a0e8d866c0b673ff59461d2e1') in 0.009702 seconds
  Import took 0.014324 seconds .

========================================================================
Received Prepare
Registering precompiled user dll's ...
Registered in 0.006335 seconds.
Begin MonoManager ReloadAssembly
Native extension for WindowsStandalone target not found
Native extension for WebGL target not found
Refreshing native plugins compatible for Editor in 0.46 ms, found 0 plugins.
Preloading 0 native plugins for Editor in 0.00 ms.
Invoked RoslynAnalysisRunner static constructor.
RoslynAnalysisRunner will not be running.
RoslynAnalysisRunner has terminated.
Mono: successfully reloaded assembly
- Completed reload, in  1.575 seconds
Platform modules already initialized, skipping
Refreshing native plugins compatible for Editor in 0.37 ms, found 0 plugins.
Preloading 0 native plugins for Editor in 0.00 ms.
Unloading 1203 Unused Serialized files (Serialized files now loaded: 0)
System memory in use before: 62.7 MB.
System memory in use after: 62.8 MB.

Unloading 20 unused Assets to reduce memory usage. Loaded Objects now: 1680.
Total: 1.643500 ms (FindLiveObjects: 0.190600 ms CreateObjectMapping: 0.048900 ms MarkObjects: 1.382900 ms  DeleteObjects: 0.019700 ms)

========================================================================
Received Import Request.
  Time since last request: 40.315439 seconds.
  path: Assets/Prefabs/Cube.prefab
  artifactKey: Guid(33ba9a87e72f61e49802741f13baf5cf) Importer(815301076,1909f56bfc062723c751e8b465ee728b)
Start importing Assets/Prefabs/Cube.prefab using Guid(33ba9a87e72f61e49802741f13baf5cf) Importer(815301076,1909f56bfc062723c751e8b465ee728b)  -> (artifact id: 'bb4f6256ef74e2044d3c24d7f4503c37') in 0.074367 seconds
  Import took 0.077318 seconds .

========================================================================
Received Import Request.
  Time since last request: 16.489999 seconds.
  path: ProjectSettings/TagManager.asset
  artifactKey: Guid(00000000000000003000000000000000) Importer(815301076,1909f56bfc062723c751e8b465ee728b)
Start importing ProjectSettings/TagManager.asset using Guid(00000000000000003000000000000000) Importer(815301076,1909f56bfc062723c751e8b465ee728b)  -> (artifact id: '8988b340c206bb1d98ca0d47b0266d3b') in 0.021470 seconds
  Import took 0.026935 seconds .

========================================================================
Received Import Request.
  Time since last request: 12.407232 seconds.
  path: Assets/Prefabs/Cube.prefab
  artifactKey: Guid(33ba9a87e72f61e49802741f13baf5cf) Importer(815301076,1909f56bfc062723c751e8b465ee728b)
Start importing Assets/Prefabs/Cube.prefab using Guid(33ba9a87e72f61e49802741f13baf5cf) Importer(815301076,1909f56bfc062723c751e8b465ee728b)  -> (artifact id: 'ae681ded07248e68742701c613a4839a') in 0.049884 seconds
  Import took 0.053949 seconds .

========================================================================
Received Import Request.
  Time since last request: 150.933600 seconds.
  path: Assets/scripts/S3/Player.cs
  artifactKey: Guid(967dede1b200d0b419b4c9ec3ccc9d14) Importer(815301076,1909f56bfc062723c751e8b465ee728b)
Start importing Assets/scripts/S3/Player.cs using Guid(967dede1b200d0b419b4c9ec3ccc9d14) Importer(815301076,1909f56bfc062723c751e8b465ee728b)  -> (artifact id: 'f637e59bec80143ab8960581b9f4b7d1') in 0.017135 seconds
  Import took 0.020088 seconds .

========================================================================
Received Prepare
Registering precompiled user dll's ...
Registered in 0.001187 seconds.
Begin MonoManager ReloadAssembly
Native extension for WindowsStandalone target not found
Native extension for WebGL target not found
Refreshing native plugins compatible for Editor in 0.40 ms, found 0 plugins.
Preloading 0 native plugins for Editor in 0.00 ms.
Invoked RoslynAnalysisRunner static constructor.
RoslynAnalysisRunner will not be running.
RoslynAnalysisRunner has terminated.
Mono: successfully reloaded assembly
- Completed reload, in  1.786 seconds
Platform modules already initialized, skipping
Refreshing native plugins compatible for Editor in 0.47 ms, found 0 plugins.
Preloading 0 native plugins for Editor in 0.00 ms.
Unloading 1203 Unused Serialized files (Serialized files now loaded: 0)
System memory in use before: 62.9 MB.
System memory in use after: 63.0 MB.

Unloading 21 unused Assets to reduce memory usage. Loaded Objects now: 1683.
Total: 2.047700 ms (FindLiveObjects: 0.141600 ms CreateObjectMapping: 0.039400 ms MarkObjects: 1.815800 ms  DeleteObjects: 0.049800 ms)

========================================================================
Received Prepare
Registering precompiled user dll's ...
Registered in 0.001066 seconds.
Begin MonoManager ReloadAssembly
Native extension for WindowsStandalone target not found
Native extension for WebGL target not found
Refreshing native plugins compatible for Editor in 0.36 ms, found 0 plugins.
Preloading 0 native plugins for Editor in 0.00 ms.
Invoked RoslynAnalysisRunner static constructor.
RoslynAnalysisRunner will not be running.
RoslynAnalysisRunner has terminated.
Mono: successfully reloaded assembly
- Completed reload, in  1.419 seconds
Platform modules already initialized, skipping
Refreshing native plugins compatible for Editor in 0.39 ms, found 0 plugins.
Preloading 0 native plugins for Editor in 0.00 ms.
Unloading 1203 Unused Serialized files (Serialized files now loaded: 0)
System memory in use before: 63.1 MB.
System memory in use after: 63.2 MB.

Unloading 20 unused Assets to reduce memory usage. Loaded Objects now: 1685.
Total: 2.348000 ms (FindLiveObjects: 0.214300 ms CreateObjectMapping: 0.060500 ms MarkObjects: 2.020200 ms  DeleteObjects: 0.051700 ms)

========================================================================
Received Prepare
Registering precompiled user dll's ...
Registered in 0.001198 seconds.
Begin MonoManager ReloadAssembly
Native extension for WindowsStandalone target not found
Native extension for WebGL target not found
Refreshing native plugins compatible for Editor in 0.37 ms, found 0 plugins.
Preloading 0 native plugins for Editor in 0.00 ms.
Invoked RoslynAnalysisRunner static constructor.
RoslynAnalysisRunner will not be running.
RoslynAnalysisRunner has terminated.
Mono: successfully reloaded assembly
- Completed reload, in  1.002 seconds
Platform modules already initialized, skipping
Refreshing native plugins compatible for Editor in 0.36 ms, found 0 plugins.
Preloading 0 native plugins for Editor in 0.00 ms.
Unloading 1203 Unused Serialized files (Serialized files now loaded: 0)
System memory in use before: 63.3 MB.
System memory in use after: 63.4 MB.

Unloading 20 unused Assets to reduce memory usage. Loaded Objects now: 1687.
Total: 2.013400 ms (FindLiveObjects: 0.219900 ms CreateObjectMapping: 0.052700 ms MarkObjects: 1.719100 ms  DeleteObjects: 0.020400 ms)

========================================================================
Received Prepare
Registering precompiled user dll's ...
Registered in 0.001067 seconds.
Begin MonoManager ReloadAssembly
Native extension for WindowsStandalone target not found
Native extension for WebGL target not found
Refreshing native plugins compatible for Editor in 0.39 ms, found 0 plugins.
Preloading 0 native plugins for Editor in 0.00 ms.
Invoked RoslynAnalysisRunner static constructor.
RoslynAnalysisRunner will not be running.
RoslynAnalysisRunner has terminated.
Mono: successfully reloaded assembly
- Completed reload, in  1.678 seconds
Platform modules already initialized, skipping
Refreshing native plugins compatible for Editor in 0.39 ms, found 0 plugins.
Preloading 0 native plugins for Editor in 0.00 ms.
Unloading 1203 Unused Serialized files (Serialized files now loaded: 0)
System memory in use before: 63.4 MB.
System memory in use after: 63.5 MB.

Unloading 20 unused Assets to reduce memory usage. Loaded Objects now: 1689.
Total: 2.061400 ms (FindLiveObjects: 0.312600 ms CreateObjectMapping: 0.130800 ms MarkObjects: 1.596700 ms  DeleteObjects: 0.020000 ms)

========================================================================
Received Prepare
Registering precompiled user dll's ...
Registered in 0.001207 seconds.
Begin MonoManager ReloadAssembly
Native extension for WindowsStandalone target not found
Native extension for WebGL target not found
Refreshing native plugins compatible for Editor in 0.38 ms, found 0 plugins.
Preloading 0 native plugins for Editor in 0.00 ms.
Invoked RoslynAnalysisRunner static constructor.
RoslynAnalysisRunner will not be running.
RoslynAnalysisRunner has terminated.
Mono: successfully reloaded assembly
- Completed reload, in  1.122 seconds
Platform modules already initialized, skipping
Refreshing native plugins compatible for Editor in 0.64 ms, found 0 plugins.
Preloading 0 native plugins for Editor in 0.00 ms.
Unloading 1203 Unused Serialized files (Serialized files now loaded: 0)
System memory in use before: 63.5 MB.
System memory in use after: 63.6 MB.

Unloading 20 unused Assets to reduce memory usage. Loaded Objects now: 1691.
Total: 2.207800 ms (FindLiveObjects: 0.163800 ms CreateObjectMapping: 0.079600 ms MarkObjects: 1.939300 ms  DeleteObjects: 0.022800 ms)

========================================================================
Received Prepare
Registering precompiled user dll's ...
Registered in 0.025386 seconds.
Begin MonoManager ReloadAssembly
Native extension for WindowsStandalone target not found
Native extension for WebGL target not found
Refreshing native plugins compatible for Editor in 0.43 ms, found 0 plugins.
Preloading 0 native plugins for Editor in 0.00 ms.
Invoked RoslynAnalysisRunner static constructor.
RoslynAnalysisRunner will not be running.
RoslynAnalysisRunner has terminated.
Mono: successfully reloaded assembly
- Completed reload, in  4.455 seconds
Platform modules already initialized, skipping
Refreshing native plugins compatible for Editor in 0.51 ms, found 0 plugins.
Preloading 0 native plugins for Editor in 0.00 ms.
Unloading 1204 Unused Serialized files (Serialized files now loaded: 0)
System memory in use before: 63.8 MB.
System memory in use after: 63.9 MB.

Unloading 20 unused Assets to reduce memory usage. Loaded Objects now: 1694.
Total: 1.982000 ms (FindLiveObjects: 0.196700 ms CreateObjectMapping: 0.072000 ms MarkObjects: 1.688500 ms  DeleteObjects: 0.022200 ms)

========================================================================
Received Prepare
Registering precompiled user dll's ...
Registered in 0.001155 seconds.
Begin MonoManager ReloadAssembly
Native extension for WindowsStandalone target not found
Native extension for WebGL target not found
Refreshing native plugins compatible for Editor in 0.38 ms, found 0 plugins.
Preloading 0 native plugins for Editor in 0.00 ms.
Invoked RoslynAnalysisRunner static constructor.
RoslynAnalysisRunner will not be running.
RoslynAnalysisRunner has terminated.
Mono: successfully reloaded assembly
- Completed reload, in  1.596 seconds
Platform modules already initialized, skipping
Refreshing native plugins compatible for Editor in 0.39 ms, found 0 plugins.
Preloading 0 native plugins for Editor in 0.00 ms.
Unloading 1204 Unused Serialized files (Serialized files now loaded: 0)
System memory in use before: 64.0 MB.
System memory in use after: 64.1 MB.

Unloading 20 unused Assets to reduce memory usage. Loaded Objects now: 1696.
Total: 2.041900 ms (FindLiveObjects: 0.203800 ms CreateObjectMapping: 0.048700 ms MarkObjects: 1.761800 ms  DeleteObjects: 0.025200 ms)

========================================================================
Received Prepare
Registering precompiled user dll's ...
Registered in 0.001460 seconds.
Begin MonoManager ReloadAssembly
Native extension for WindowsStandalone target not found
Native extension for WebGL target not found
Refreshing native plugins compatible for Editor in 0.45 ms, found 0 plugins.
Preloading 0 native plugins for Editor in 0.00 ms.
Invoked RoslynAnalysisRunner static constructor.
RoslynAnalysisRunner will not be running.
RoslynAnalysisRunner has terminated.
Mono: successfully reloaded assembly
- Completed reload, in  1.744 seconds
Platform modules already initialized, skipping
Refreshing native plugins compatible for Editor in 0.49 ms, found 0 plugins.
Preloading 0 native plugins for Editor in 0.00 ms.
Unloading 1204 Unused Serialized files (Serialized files now loaded: 0)
System memory in use before: 64.1 MB.
System memory in use after: 64.2 MB.

Unloading 20 unused Assets to reduce memory usage. Loaded Objects now: 1698.
Total: 1.728300 ms (FindLiveObjects: 0.147300 ms CreateObjectMapping: 0.045400 ms MarkObjects: 1.513400 ms  DeleteObjects: 0.020800 ms)

========================================================================
Received Prepare
Registering precompiled user dll's ...
Registered in 0.001113 seconds.
Begin MonoManager ReloadAssembly
Native extension for WindowsStandalone target not found
Native extension for WebGL target not found
Refreshing native plugins compatible for Editor in 0.36 ms, found 0 plugins.
Preloading 0 native plugins for Editor in 0.00 ms.
Invoked RoslynAnalysisRunner static constructor.
RoslynAnalysisRunner will not be running.
RoslynAnalysisRunner has terminated.
Mono: successfully reloaded assembly
- Completed reload, in  2.141 seconds
Platform modules already initialized, skipping
Refreshing native plugins compatible for Editor in 0.38 ms, found 0 plugins.
Preloading 0 native plugins for Editor in 0.00 ms.
Unloading 1204 Unused Serialized files (Serialized files now loaded: 0)
System memory in use before: 64.3 MB.
System memory in use after: 64.4 MB.

Unloading 20 unused Assets to reduce memory usage. Loaded Objects now: 1700.
Total: 1.770600 ms (FindLiveObjects: 0.157700 ms CreateObjectMapping: 0.048200 ms MarkObjects: 1.543400 ms  DeleteObjects: 0.020100 ms)

========================================================================
Received Prepare
Registering precompiled user dll's ...
Registered in 0.002301 seconds.
Begin MonoManager ReloadAssembly
Native extension for WindowsStandalone target not found
Native extension for WebGL target not found
Refreshing native plugins compatible for Editor in 0.35 ms, found 0 plugins.
Preloading 0 native plugins for Editor in 0.00 ms.
Invoked RoslynAnalysisRunner static constructor.
RoslynAnalysisRunner will not be running.
RoslynAnalysisRunner has terminated.
Mono: successfully reloaded assembly
- Completed reload, in  1.242 seconds
Platform modules already initialized, skipping
Refreshing native plugins compatible for Editor in 0.43 ms, found 0 plugins.
Preloading 0 native plugins for Editor in 0.00 ms.
Unloading 1204 Unused Serialized files (Serialized files now loaded: 0)
System memory in use before: 64.5 MB.
System memory in use after: 64.6 MB.

Unloading 20 unused Assets to reduce memory usage. Loaded Objects now: 1702.
Total: 1.789900 ms (FindLiveObjects: 0.172000 ms CreateObjectMapping: 0.048500 ms MarkObjects: 1.546800 ms  DeleteObjects: 0.021300 ms)

========================================================================
Received Prepare
Registering precompiled user dll's ...
Registered in 0.001241 seconds.
Begin MonoManager ReloadAssembly
Native extension for WindowsStandalone target not found
Native extension for WebGL target not found
Refreshing native plugins compatible for Editor in 0.46 ms, found 0 plugins.
Preloading 0 native plugins for Editor in 0.00 ms.
Invoked RoslynAnalysisRunner static constructor.
RoslynAnalysisRunner will not be running.
RoslynAnalysisRunner has terminated.
Mono: successfully reloaded assembly
- Completed reload, in  1.036 seconds
Platform modules already initialized, skipping
Refreshing native plugins compatible for Editor in 0.38 ms, found 0 plugins.
Preloading 0 native plugins for Editor in 0.00 ms.
Unloading 1204 Unused Serialized files (Serialized files now loaded: 0)
System memory in use before: 64.5 MB.
System memory in use after: 64.6 MB.

Unloading 20 unused Assets to reduce memory usage. Loaded Objects now: 1704.
Total: 1.908500 ms (FindLiveObjects: 0.149000 ms CreateObjectMapping: 0.041400 ms MarkObjects: 1.682000 ms  DeleteObjects: 0.034400 ms)

========================================================================
Received Prepare
Registering precompiled user dll's ...
Registered in 0.001197 seconds.
Begin MonoManager ReloadAssembly
Native extension for WindowsStandalone target not found
Native extension for WebGL target not found
Refreshing native plugins compatible for Editor in 0.38 ms, found 0 plugins.
Preloading 0 native plugins for Editor in 0.00 ms.
Invoked RoslynAnalysisRunner static constructor.
RoslynAnalysisRunner will not be running.
RoslynAnalysisRunner has terminated.
Mono: successfully reloaded assembly
- Completed reload, in  1.541 seconds
Platform modules already initialized, skipping
Refreshing native plugins compatible for Editor in 0.37 ms, found 0 plugins.
Preloading 0 native plugins for Editor in 0.00 ms.
Unloading 1204 Unused Serialized files (Serialized files now loaded: 0)
System memory in use before: 63.8 MB.
System memory in use after: 63.9 MB.

Unloading 20 unused Assets to reduce memory usage. Loaded Objects now: 1706.
Total: 1.647500 ms (FindLiveObjects: 0.136100 ms CreateObjectMapping: 0.038900 ms MarkObjects: 1.437500 ms  DeleteObjects: 0.021200 ms)

========================================================================
Received Prepare
Registering precompiled user dll's ...
Registered in 0.000999 seconds.
Begin MonoManager ReloadAssembly
Native extension for WindowsStandalone target not found
Native extension for WebGL target not found
Refreshing native plugins compatible for Editor in 0.57 ms, found 0 plugins.
Preloading 0 native plugins for Editor in 0.00 ms.
Invoked RoslynAnalysisRunner static constructor.
RoslynAnalysisRunner will not be running.
RoslynAnalysisRunner has terminated.
Mono: successfully reloaded assembly
- Completed reload, in  1.347 seconds
Platform modules already initialized, skipping
Refreshing native plugins compatible for Editor in 0.36 ms, found 0 plugins.
Preloading 0 native plugins for Editor in 0.00 ms.
Unloading 1204 Unused Serialized files (Serialized files now loaded: 0)
System memory in use before: 64.1 MB.
System memory in use after: 64.2 MB.

Unloading 20 unused Assets to reduce memory usage. Loaded Objects now: 1708.
Total: 2.149600 ms (FindLiveObjects: 0.147800 ms CreateObjectMapping: 0.041100 ms MarkObjects: 1.905900 ms  DeleteObjects: 0.053600 ms)

========================================================================
Received Import Request.
  Time since last request: 849.783936 seconds.
  path: Assets/Scenes/s8.unity
  artifactKey: Guid(1ac11cd5ca12de14aa20f8820b322586) Importer(815301076,1909f56bfc062723c751e8b465ee728b)
Start importing Assets/Scenes/s8.unity using Guid(1ac11cd5ca12de14aa20f8820b322586) Importer(815301076,1909f56bfc062723c751e8b465ee728b)  -> (artifact id: '072b0ba08645e9a8715e8da6e7bf5c09') in 0.017401 seconds
  Import took 0.020350 seconds .

========================================================================
Received Import Request.
  Time since last request: 13.555725 seconds.
  path: Assets/Scenes/s7-Waypoints.unity
  artifactKey: Guid(2e368f43b8be77447a879196ed03640e) Importer(815301076,1909f56bfc062723c751e8b465ee728b)
Start importing Assets/Scenes/s7-Waypoints.unity using Guid(2e368f43b8be77447a879196ed03640e) Importer(815301076,1909f56bfc062723c751e8b465ee728b)  -> (artifact id: '835c2e4e4b097a54e2124568937e3ddc') in 0.014016 seconds
  Import took 0.017143 seconds .

========================================================================
Received Import Request.
  Time since last request: 10.607738 seconds.
  path: Assets/Scenes/s8-Stack-Drop.unity
  artifactKey: Guid(1ac11cd5ca12de14aa20f8820b322586) Importer(815301076,1909f56bfc062723c751e8b465ee728b)
Start importing Assets/Scenes/s8-Stack-Drop.unity using Guid(1ac11cd5ca12de14aa20f8820b322586) Importer(815301076,1909f56bfc062723c751e8b465ee728b)  -> (artifact id: '7f9b64b2c4c7cdded22855756fd1500a') in 0.040918 seconds
  Import took 0.043634 seconds .

========================================================================
Received Import Request.
  Time since last request: 10.483539 seconds.
  path: Assets/Scenes/s8-Stack-Drop 1.unity
  artifactKey: Guid(a53155b6832fbcc4b80dd0568085cd52) Importer(815301076,1909f56bfc062723c751e8b465ee728b)
Start importing Assets/Scenes/s8-Stack-Drop 1.unity using Guid(a53155b6832fbcc4b80dd0568085cd52) Importer(815301076,1909f56bfc062723c751e8b465ee728b)  -> (artifact id: 'a607a834841e684962d34deb3f79a6db') in 0.006178 seconds
  Import took 0.008715 seconds .

========================================================================
Received Import Request.
  Time since last request: 10.415152 seconds.
  path: Assets/Scenes/s9.unity
  artifactKey: Guid(a53155b6832fbcc4b80dd0568085cd52) Importer(815301076,1909f56bfc062723c751e8b465ee728b)
Start importing Assets/Scenes/s9.unity using Guid(a53155b6832fbcc4b80dd0568085cd52) Importer(815301076,1909f56bfc062723c751e8b465ee728b)  -> (artifact id: '74cf9e1a77f7cfe781fc5bbe8112a5d1') in 0.131863 seconds
  Import took 0.142119 seconds .

========================================================================
Received Import Request.
  Time since last request: 15.491839 seconds.
  path: Assets/scripts/s9
  artifactKey: Guid(887f6f970376f204c810004dcca3993a) Importer(815301076,1909f56bfc062723c751e8b465ee728b)
Start importing Assets/scripts/s9 using Guid(887f6f970376f204c810004dcca3993a) Importer(815301076,1909f56bfc062723c751e8b465ee728b)  -> (artifact id: 'ea906c03d1bb79b19dd9baf9de76b806') in 0.005665 seconds
  Import took 0.008281 seconds .

========================================================================
Received Prepare
Registering precompiled user dll's ...
Registered in 0.001297 seconds.
Begin MonoManager ReloadAssembly
Native extension for WindowsStandalone target not found
Native extension for WebGL target not found
Refreshing native plugins compatible for Editor in 0.36 ms, found 0 plugins.
Preloading 0 native plugins for Editor in 0.00 ms.
Invoked RoslynAnalysisRunner static constructor.
RoslynAnalysisRunner will not be running.
RoslynAnalysisRunner has terminated.
Mono: successfully reloaded assembly
- Completed reload, in  1.581 seconds
Platform modules already initialized, skipping
Refreshing native plugins compatible for Editor in 1.77 ms, found 0 plugins.
Preloading 0 native plugins for Editor in 0.00 ms.
Unloading 1205 Unused Serialized files (Serialized files now loaded: 0)
System memory in use before: 64.3 MB.
System memory in use after: 64.4 MB.

Unloading 20 unused Assets to reduce memory usage. Loaded Objects now: 1711.
Total: 35.644000 ms (FindLiveObjects: 0.229600 ms CreateObjectMapping: 0.059500 ms MarkObjects: 35.325500 ms  DeleteObjects: 0.025100 ms)

========================================================================
Received Prepare
Registering precompiled user dll's ...
Registered in 0.001079 seconds.
Begin MonoManager ReloadAssembly
Native extension for WindowsStandalone target not found
Native extension for WebGL target not found
Refreshing native plugins compatible for Editor in 0.37 ms, found 0 plugins.
Preloading 0 native plugins for Editor in 0.00 ms.
Invoked RoslynAnalysisRunner static constructor.
RoslynAnalysisRunner will not be running.
RoslynAnalysisRunner has terminated.
Mono: successfully reloaded assembly
- Completed reload, in  1.423 seconds
Platform modules already initialized, skipping
Refreshing native plugins compatible for Editor in 0.36 ms, found 0 plugins.
Preloading 0 native plugins for Editor in 0.00 ms.
Unloading 1205 Unused Serialized files (Serialized files now loaded: 0)
System memory in use before: 64.4 MB.
System memory in use after: 64.5 MB.

Unloading 20 unused Assets to reduce memory usage. Loaded Objects now: 1713.
Total: 2.310800 ms (FindLiveObjects: 0.165900 ms CreateObjectMapping: 0.050200 ms MarkObjects: 2.069700 ms  DeleteObjects: 0.023300 ms)

========================================================================
Received Prepare
Registering precompiled user dll's ...
Registered in 0.001053 seconds.
Begin MonoManager ReloadAssembly
Native extension for WindowsStandalone target not found
Native extension for WebGL target not found
Refreshing native plugins compatible for Editor in 0.37 ms, found 0 plugins.
Preloading 0 native plugins for Editor in 0.00 ms.
Invoked RoslynAnalysisRunner static constructor.
RoslynAnalysisRunner will not be running.
RoslynAnalysisRunner has terminated.
Mono: successfully reloaded assembly
- Completed reload, in  1.233 seconds
Platform modules already initialized, skipping
Refreshing native plugins compatible for Editor in 0.42 ms, found 0 plugins.
Preloading 0 native plugins for Editor in 0.00 ms.
Unloading 1205 Unused Serialized files (Serialized files now loaded: 0)
System memory in use before: 64.6 MB.
System memory in use after: 64.7 MB.

Unloading 20 unused Assets to reduce memory usage. Loaded Objects now: 1715.
Total: 1.581000 ms (FindLiveObjects: 0.135900 ms CreateObjectMapping: 0.039500 ms MarkObjects: 1.387200 ms  DeleteObjects: 0.017500 ms)

========================================================================
Received Import Request.
  Time since last request: 136.261032 seconds.
  path: Assets/scripts/s9/Movement.cs
  artifactKey: Guid(39e6da7c937329e4581a1a62099011be) Importer(815301076,1909f56bfc062723c751e8b465ee728b)
Start importing Assets/scripts/s9/Movement.cs using Guid(39e6da7c937329e4581a1a62099011be) Importer(815301076,1909f56bfc062723c751e8b465ee728b)  -> (artifact id: '307f33d214da96a40a77dccddb17de67') in 0.007333 seconds
  Import took 0.009579 seconds .

========================================================================
Received Prepare
Registering precompiled user dll's ...
Registered in 0.001418 seconds.
Begin MonoManager ReloadAssembly
Native extension for WindowsStandalone target not found
Native extension for WebGL target not found
Refreshing native plugins compatible for Editor in 0.35 ms, found 0 plugins.
Preloading 0 native plugins for Editor in 0.00 ms.
Invoked RoslynAnalysisRunner static constructor.
RoslynAnalysisRunner will not be running.
RoslynAnalysisRunner has terminated.
Mono: successfully reloaded assembly
- Completed reload, in  1.102 seconds
Platform modules already initialized, skipping
Refreshing native plugins compatible for Editor in 0.43 ms, found 0 plugins.
Preloading 0 native plugins for Editor in 0.00 ms.
Unloading 1205 Unused Serialized files (Serialized files now loaded: 0)
System memory in use before: 64.7 MB.
System memory in use after: 64.8 MB.

Unloading 20 unused Assets to reduce memory usage. Loaded Objects now: 1717.
Total: 2.082900 ms (FindLiveObjects: 0.191900 ms CreateObjectMapping: 0.052300 ms MarkObjects: 1.814900 ms  DeleteObjects: 0.022400 ms)

========================================================================
Received Import Request.
  Time since last request: 29.603022 seconds.
  path: Assets/scripts/s9/Movement.cs
  artifactKey: Guid(39e6da7c937329e4581a1a62099011be) Importer(815301076,1909f56bfc062723c751e8b465ee728b)
Start importing Assets/scripts/s9/Movement.cs using Guid(39e6da7c937329e4581a1a62099011be) Importer(815301076,1909f56bfc062723c751e8b465ee728b)  -> (artifact id: 'b614508c5d717a6f8b1ff6d5c612339a') in 0.005399 seconds
  Import took 0.037643 seconds .

========================================================================
Received Prepare
Registering precompiled user dll's ...
Registered in 0.001070 seconds.
Begin MonoManager ReloadAssembly
Native extension for WindowsStandalone target not found
Native extension for WebGL target not found
Refreshing native plugins compatible for Editor in 0.36 ms, found 0 plugins.
Preloading 0 native plugins for Editor in 0.00 ms.
Invoked RoslynAnalysisRunner static constructor.
RoslynAnalysisRunner will not be running.
RoslynAnalysisRunner has terminated.
Mono: successfully reloaded assembly
- Completed reload, in  1.230 seconds
Platform modules already initialized, skipping
Refreshing native plugins compatible for Editor in 0.43 ms, found 0 plugins.
Preloading 0 native plugins for Editor in 0.00 ms.
Unloading 1205 Unused Serialized files (Serialized files now loaded: 0)
System memory in use before: 63.9 MB.
System memory in use after: 64.0 MB.

Unloading 20 unused Assets to reduce memory usage. Loaded Objects now: 1719.
Total: 2.120700 ms (FindLiveObjects: 0.296800 ms CreateObjectMapping: 0.044400 ms MarkObjects: 1.757000 ms  DeleteObjects: 0.021300 ms)

========================================================================
Received Prepare
Registering precompiled user dll's ...
Registered in 0.001038 seconds.
Begin MonoManager ReloadAssembly
Native extension for WindowsStandalone target not found
Native extension for WebGL target not found
Refreshing native plugins compatible for Editor in 0.38 ms, found 0 plugins.
Preloading 0 native plugins for Editor in 0.00 ms.
Invoked RoslynAnalysisRunner static constructor.
RoslynAnalysisRunner will not be running.
RoslynAnalysisRunner has terminated.
Mono: successfully reloaded assembly
- Completed reload, in  1.963 seconds
Platform modules already initialized, skipping
Refreshing native plugins compatible for Editor in 0.83 ms, found 0 plugins.
Preloading 0 native plugins for Editor in 0.00 ms.
Unloading 1209 Unused Serialized files (Serialized files now loaded: 0)
System memory in use before: 64.2 MB.
System memory in use after: 64.3 MB.

Unloading 20 unused Assets to reduce memory usage. Loaded Objects now: 1721.
Total: 2.089400 ms (FindLiveObjects: 0.189000 ms CreateObjectMapping: 0.046200 ms MarkObjects: 1.831400 ms  DeleteObjects: 0.021300 ms)

========================================================================
Received Prepare
Refreshing native plugins compatible for Editor in 11.11 ms, found 0 plugins.
Preloading 0 native plugins for Editor in 0.00 ms.
Unloading 22 Unused Serialized files (Serialized files now loaded: 0)
System memory in use before: 40.7 MB.
System memory in use after: 40.8 MB.

Unloading 18 unused Assets to reduce memory usage. Loaded Objects now: 1721.
Total: 1.956700 ms (FindLiveObjects: 0.208900 ms CreateObjectMapping: 0.056200 ms MarkObjects: 1.670500 ms  DeleteObjects: 0.019000 ms)

========================================================================
Received Prepare
Registering precompiled user dll's ...
Registered in 0.005888 seconds.
Begin MonoManager ReloadAssembly
Native extension for WindowsStandalone target not found
Native extension for WebGL target not found
Refreshing native plugins compatible for Editor in 0.36 ms, found 0 plugins.
Preloading 0 native plugins for Editor in 0.00 ms.
Invoked RoslynAnalysisRunner static constructor.
RoslynAnalysisRunner will not be running.
RoslynAnalysisRunner has terminated.
Mono: successfully reloaded assembly
- Completed reload, in  2.151 seconds
Platform modules already initialized, skipping
Refreshing native plugins compatible for Editor in 0.44 ms, found 0 plugins.
Preloading 0 native plugins for Editor in 0.00 ms.
Unloading 1209 Unused Serialized files (Serialized files now loaded: 0)
System memory in use before: 64.5 MB.
System memory in use after: 64.5 MB.

Unloading 20 unused Assets to reduce memory usage. Loaded Objects now: 1724.
Total: 1.989900 ms (FindLiveObjects: 0.204900 ms CreateObjectMapping: 0.058700 ms MarkObjects: 1.704100 ms  DeleteObjects: 0.021000 ms)

========================================================================
Received Prepare
Registering precompiled user dll's ...
Registered in 0.001134 seconds.
Begin MonoManager ReloadAssembly
Native extension for WindowsStandalone target not found
Native extension for WebGL target not found
Refreshing native plugins compatible for Editor in 0.37 ms, found 0 plugins.
Preloading 0 native plugins for Editor in 0.00 ms.
Invoked RoslynAnalysisRunner static constructor.
RoslynAnalysisRunner will not be running.
RoslynAnalysisRunner has terminated.
Mono: successfully reloaded assembly
- Completed reload, in  2.324 seconds
Platform modules already initialized, skipping
Refreshing native plugins compatible for Editor in 0.36 ms, found 0 plugins.
Preloading 0 native plugins for Editor in 0.00 ms.
Unloading 1210 Unused Serialized files (Serialized files now loaded: 0)
System memory in use before: 64.6 MB.
System memory in use after: 64.7 MB.

Unloading 20 unused Assets to reduce memory usage. Loaded Objects now: 1726.
Total: 2.390400 ms (FindLiveObjects: 0.289500 ms CreateObjectMapping: 0.107300 ms MarkObjects: 1.967200 ms  DeleteObjects: 0.024900 ms)

========================================================================
Received Prepare
Registering precompiled user dll's ...
Registered in 0.001165 seconds.
Begin MonoManager ReloadAssembly
Native extension for WindowsStandalone target not found
Native extension for WebGL target not found
Refreshing native plugins compatible for Editor in 0.36 ms, found 0 plugins.
Preloading 0 native plugins for Editor in 0.00 ms.
Invoked RoslynAnalysisRunner static constructor.
RoslynAnalysisRunner will not be running.
RoslynAnalysisRunner has terminated.
Mono: successfully reloaded assembly
- Completed reload, in  2.017 seconds
Platform modules already initialized, skipping
Refreshing native plugins compatible for Editor in 0.37 ms, found 0 plugins.
Preloading 0 native plugins for Editor in 0.00 ms.
Unloading 1210 Unused Serialized files (Serialized files now loaded: 0)
System memory in use before: 64.8 MB.
System memory in use after: 64.9 MB.

Unloading 20 unused Assets to reduce memory usage. Loaded Objects now: 1728.
Total: 1.795700 ms (FindLiveObjects: 0.163800 ms CreateObjectMapping: 0.050700 ms MarkObjects: 1.546400 ms  DeleteObjects: 0.033500 ms)

========================================================================
Received Prepare
Registering precompiled user dll's ...
Registered in 0.001158 seconds.
Begin MonoManager ReloadAssembly
Native extension for WindowsStandalone target not found
Native extension for WebGL target not found
Refreshing native plugins compatible for Editor in 0.38 ms, found 0 plugins.
Preloading 0 native plugins for Editor in 0.00 ms.
Invoked RoslynAnalysisRunner static constructor.
RoslynAnalysisRunner will not be running.
RoslynAnalysisRunner has terminated.
Mono: successfully reloaded assembly
- Completed reload, in  1.464 seconds
Platform modules already initialized, skipping
Refreshing native plugins compatible for Editor in 0.35 ms, found 0 plugins.
Preloading 0 native plugins for Editor in 0.00 ms.
Unloading 1210 Unused Serialized files (Serialized files now loaded: 0)
System memory in use before: 64.0 MB.
System memory in use after: 64.1 MB.

Unloading 20 unused Assets to reduce memory usage. Loaded Objects now: 1730.
Total: 1.950300 ms (FindLiveObjects: 0.164400 ms CreateObjectMapping: 0.072000 ms MarkObjects: 1.677400 ms  DeleteObjects: 0.034400 ms)

========================================================================
Received Import Request.
  Time since last request: 239.095455 seconds.
  path: Assets/scripts/s9/MovementV2.cs
  artifactKey: Guid(d9ed6d0f99fc3fd41b52e34d8fff7894) Importer(815301076,1909f56bfc062723c751e8b465ee728b)
Start importing Assets/scripts/s9/MovementV2.cs using Guid(d9ed6d0f99fc3fd41b52e34d8fff7894) Importer(815301076,1909f56bfc062723c751e8b465ee728b)  -> (artifact id: '72962faaf753c5a42b25cf19e93b903b') in 0.011208 seconds
  Import took 0.015848 seconds .

========================================================================
Received Prepare
Registering precompiled user dll's ...
Registered in 0.001072 seconds.
Begin MonoManager ReloadAssembly
Native extension for WindowsStandalone target not found
Native extension for WebGL target not found
Refreshing native plugins compatible for Editor in 0.45 ms, found 0 plugins.
Preloading 0 native plugins for Editor in 0.00 ms.
Invoked RoslynAnalysisRunner static constructor.
RoslynAnalysisRunner will not be running.
RoslynAnalysisRunner has terminated.
Mono: successfully reloaded assembly
- Completed reload, in  1.685 seconds
Platform modules already initialized, skipping
Refreshing native plugins compatible for Editor in 0.39 ms, found 0 plugins.
Preloading 0 native plugins for Editor in 0.00 ms.
Unloading 1210 Unused Serialized files (Serialized files now loaded: 0)
System memory in use before: 64.1 MB.
System memory in use after: 64.2 MB.

Unloading 20 unused Assets to reduce memory usage. Loaded Objects now: 1732.
Total: 1.828500 ms (FindLiveObjects: 0.149300 ms CreateObjectMapping: 0.042000 ms MarkObjects: 1.602900 ms  DeleteObjects: 0.033000 ms)

========================================================================
Received Import Request.
  Time since last request: 82.418892 seconds.
  path: Assets/scripts/s9/MovementV2.cs
  artifactKey: Guid(d9ed6d0f99fc3fd41b52e34d8fff7894) Importer(815301076,1909f56bfc062723c751e8b465ee728b)
Start importing Assets/scripts/s9/MovementV2.cs using Guid(d9ed6d0f99fc3fd41b52e34d8fff7894) Importer(815301076,1909f56bfc062723c751e8b465ee728b)  -> (artifact id: 'df72e539e52c902da7b3f259fcd71815') in 0.006379 seconds
  Import took 0.008829 seconds .

========================================================================
Received Prepare
Registering precompiled user dll's ...
Registered in 0.001293 seconds.
Begin MonoManager ReloadAssembly
Native extension for WindowsStandalone target not found
Native extension for WebGL target not found
Refreshing native plugins compatible for Editor in 0.37 ms, found 0 plugins.
Preloading 0 native plugins for Editor in 0.00 ms.
Invoked RoslynAnalysisRunner static constructor.
RoslynAnalysisRunner will not be running.
RoslynAnalysisRunner has terminated.
Mono: successfully reloaded assembly
- Completed reload, in  1.598 seconds
Platform modules already initialized, skipping
Refreshing native plugins compatible for Editor in 0.38 ms, found 0 plugins.
Preloading 0 native plugins for Editor in 0.00 ms.
Unloading 1210 Unused Serialized files (Serialized files now loaded: 0)
System memory in use before: 64.3 MB.
System memory in use after: 64.4 MB.

Unloading 20 unused Assets to reduce memory usage. Loaded Objects now: 1734.
Total: 1.580100 ms (FindLiveObjects: 0.153200 ms CreateObjectMapping: 0.042700 ms MarkObjects: 1.364200 ms  DeleteObjects: 0.019000 ms)

========================================================================
Received Prepare
Registering precompiled user dll's ...
Registered in 0.001345 seconds.
Begin MonoManager ReloadAssembly
Native extension for WindowsStandalone target not found
Native extension for WebGL target not found
Refreshing native plugins compatible for Editor in 0.40 ms, found 0 plugins.
Preloading 0 native plugins for Editor in 0.00 ms.
Invoked RoslynAnalysisRunner static constructor.
RoslynAnalysisRunner will not be running.
RoslynAnalysisRunner has terminated.
Mono: successfully reloaded assembly
- Completed reload, in  1.756 seconds
Platform modules already initialized, skipping
Refreshing native plugins compatible for Editor in 0.41 ms, found 0 plugins.
Preloading 0 native plugins for Editor in 0.00 ms.
Unloading 1210 Unused Serialized files (Serialized files now loaded: 0)
System memory in use before: 64.5 MB.
System memory in use after: 64.6 MB.

Unloading 20 unused Assets to reduce memory usage. Loaded Objects now: 1736.
Total: 4.083200 ms (FindLiveObjects: 0.176800 ms CreateObjectMapping: 0.293200 ms MarkObjects: 3.586200 ms  DeleteObjects: 0.024900 ms)

========================================================================
Received Prepare
Registering precompiled user dll's ...
Registered in 0.001130 seconds.
Begin MonoManager ReloadAssembly
Native extension for WindowsStandalone target not found
Native extension for WebGL target not found
Refreshing native plugins compatible for Editor in 0.41 ms, found 0 plugins.
Preloading 0 native plugins for Editor in 0.00 ms.
Invoked RoslynAnalysisRunner static constructor.
RoslynAnalysisRunner will not be running.
RoslynAnalysisRunner has terminated.
Mono: successfully reloaded assembly
- Completed reload, in  2.006 seconds
Platform modules already initialized, skipping
Refreshing native plugins compatible for Editor in 0.38 ms, found 0 plugins.
Preloading 0 native plugins for Editor in 0.00 ms.
Unloading 1210 Unused Serialized files (Serialized files now loaded: 0)
System memory in use before: 64.6 MB.
System memory in use after: 64.7 MB.

Unloading 20 unused Assets to reduce memory usage. Loaded Objects now: 1738.
Total: 2.373400 ms (FindLiveObjects: 0.150200 ms CreateObjectMapping: 0.043000 ms MarkObjects: 2.156500 ms  DeleteObjects: 0.022100 ms)

========================================================================
Received Prepare
Registering precompiled user dll's ...
Registered in 0.001030 seconds.
Begin MonoManager ReloadAssembly
Native extension for WindowsStandalone target not found
Native extension for WebGL target not found
Refreshing native plugins compatible for Editor in 0.48 ms, found 0 plugins.
Preloading 0 native plugins for Editor in 0.00 ms.
Invoked RoslynAnalysisRunner static constructor.
RoslynAnalysisRunner will not be running.
RoslynAnalysisRunner has terminated.
Mono: successfully reloaded assembly
- Completed reload, in  1.678 seconds
Platform modules already initialized, skipping
Refreshing native plugins compatible for Editor in 0.37 ms, found 0 plugins.
Preloading 0 native plugins for Editor in 0.00 ms.
Unloading 1210 Unused Serialized files (Serialized files now loaded: 0)
System memory in use before: 64.8 MB.
System memory in use after: 64.9 MB.

Unloading 20 unused Assets to reduce memory usage. Loaded Objects now: 1740.
Total: 3.060100 ms (FindLiveObjects: 0.280600 ms CreateObjectMapping: 0.053900 ms MarkObjects: 2.675700 ms  DeleteObjects: 0.048000 ms)

========================================================================
Received Prepare
Registering precompiled user dll's ...
Registered in 0.013877 seconds.
Begin MonoManager ReloadAssembly
Native extension for WindowsStandalone target not found
Native extension for WebGL target not found
Refreshing native plugins compatible for Editor in 0.38 ms, found 0 plugins.
Preloading 0 native plugins for Editor in 0.00 ms.
Invoked RoslynAnalysisRunner static constructor.
RoslynAnalysisRunner will not be running.
RoslynAnalysisRunner has terminated.
Mono: successfully reloaded assembly
- Completed reload, in  2.356 seconds
Platform modules already initialized, skipping
Refreshing native plugins compatible for Editor in 0.96 ms, found 0 plugins.
Preloading 0 native plugins for Editor in 0.00 ms.
Unloading 1210 Unused Serialized files (Serialized files now loaded: 0)
System memory in use before: 64.8 MB.
System memory in use after: 64.9 MB.

Unloading 20 unused Assets to reduce memory usage. Loaded Objects now: 1742.
Total: 2.183100 ms (FindLiveObjects: 0.353400 ms CreateObjectMapping: 0.067200 ms MarkObjects: 1.738700 ms  DeleteObjects: 0.022200 ms)

========================================================================
Received Prepare
Registering precompiled user dll's ...
Registered in 0.001451 seconds.
Begin MonoManager ReloadAssembly
Native extension for WindowsStandalone target not found
Native extension for WebGL target not found
Refreshing native plugins compatible for Editor in 0.48 ms, found 0 plugins.
Preloading 0 native plugins for Editor in 0.00 ms.
Invoked RoslynAnalysisRunner static constructor.
RoslynAnalysisRunner will not be running.
RoslynAnalysisRunner has terminated.
Mono: successfully reloaded assembly
- Completed reload, in  1.911 seconds
Platform modules already initialized, skipping
Refreshing native plugins compatible for Editor in 0.42 ms, found 0 plugins.
Preloading 0 native plugins for Editor in 0.00 ms.
Unloading 1210 Unused Serialized files (Serialized files now loaded: 0)
System memory in use before: 64.1 MB.
System memory in use after: 64.2 MB.

Unloading 20 unused Assets to reduce memory usage. Loaded Objects now: 1744.
Total: 3.112100 ms (FindLiveObjects: 0.628200 ms CreateObjectMapping: 0.070600 ms MarkObjects: 2.388500 ms  DeleteObjects: 0.022900 ms)

========================================================================
Received Prepare
Registering precompiled user dll's ...
Registered in 0.001328 seconds.
Begin MonoManager ReloadAssembly
Native extension for WindowsStandalone target not found
Native extension for WebGL target not found
Refreshing native plugins compatible for Editor in 0.38 ms, found 0 plugins.
Preloading 0 native plugins for Editor in 0.00 ms.
Invoked RoslynAnalysisRunner static constructor.
RoslynAnalysisRunner will not be running.
RoslynAnalysisRunner has terminated.
Mono: successfully reloaded assembly
- Completed reload, in  1.842 seconds
Platform modules already initialized, skipping
Refreshing native plugins compatible for Editor in 0.47 ms, found 0 plugins.
Preloading 0 native plugins for Editor in 0.00 ms.
Unloading 1210 Unused Serialized files (Serialized files now loaded: 0)
System memory in use before: 64.3 MB.
System memory in use after: 64.4 MB.

Unloading 20 unused Assets to reduce memory usage. Loaded Objects now: 1746.
Total: 2.650100 ms (FindLiveObjects: 0.206300 ms CreateObjectMapping: 0.046800 ms MarkObjects: 2.371300 ms  DeleteObjects: 0.024000 ms)

========================================================================
Received Prepare
Registering precompiled user dll's ...
Registered in 0.001337 seconds.
Begin MonoManager ReloadAssembly
Native extension for WindowsStandalone target not found
Native extension for WebGL target not found
Refreshing native plugins compatible for Editor in 0.35 ms, found 0 plugins.
Preloading 0 native plugins for Editor in 0.00 ms.
Invoked RoslynAnalysisRunner static constructor.
RoslynAnalysisRunner will not be running.
RoslynAnalysisRunner has terminated.
Mono: successfully reloaded assembly
- Completed reload, in  1.239 seconds
Platform modules already initialized, skipping
Refreshing native plugins compatible for Editor in 0.42 ms, found 0 plugins.
Preloading 0 native plugins for Editor in 0.00 ms.
Unloading 1210 Unused Serialized files (Serialized files now loaded: 0)
System memory in use before: 64.5 MB.
System memory in use after: 64.6 MB.

Unloading 20 unused Assets to reduce memory usage. Loaded Objects now: 1748.
Total: 1.856800 ms (FindLiveObjects: 0.166700 ms CreateObjectMapping: 0.046200 ms MarkObjects: 1.594300 ms  DeleteObjects: 0.048100 ms)

========================================================================
Received Prepare
Registering precompiled user dll's ...
Registered in 0.001398 seconds.
Begin MonoManager ReloadAssembly
Native extension for WindowsStandalone target not found
Native extension for WebGL target not found
Refreshing native plugins compatible for Editor in 0.71 ms, found 0 plugins.
Preloading 0 native plugins for Editor in 0.00 ms.
Invoked RoslynAnalysisRunner static constructor.
RoslynAnalysisRunner will not be running.
RoslynAnalysisRunner has terminated.
Mono: successfully reloaded assembly
- Completed reload, in  1.628 seconds
Platform modules already initialized, skipping
Refreshing native plugins compatible for Editor in 0.42 ms, found 0 plugins.
Preloading 0 native plugins for Editor in 0.00 ms.
Unloading 1210 Unused Serialized files (Serialized files now loaded: 0)
System memory in use before: 64.6 MB.
System memory in use after: 64.7 MB.

Unloading 20 unused Assets to reduce memory usage. Loaded Objects now: 1750.
Total: 1.791300 ms (FindLiveObjects: 0.146700 ms CreateObjectMapping: 0.043700 ms MarkObjects: 1.581700 ms  DeleteObjects: 0.018400 ms)

AssetImportWorkerClient::OnTransportError - code=2 error=End of file
