Using pre-set license
Built from '2020.2/release' branch; Version is '2020.2.1f1 (270dd8c3da1c) revision 2559448'; Using compiler version '192528614'; Build Type 'Release'
OS: 'Windows 10  (10.0.0) 64bit' Language: 'tr' Physical Memory: 16272 MB
BatchMode: 1, IsHumanControllingUs: 0, StartBugReporterOnCrash: 0, Is64bit: 1, IsPro: 0

 COMMAND LINE ARGUMENTS:
C:\Program Files\Unity\Hub\Editor\2020.2.1f1\Editor\Unity.exe
-adb2
-batchMode
-noUpm
-name
AssetImportWorker0
-projectPath
C:/Users/SEVAL/Desktop/Game/PersonalLibrary
-logFile
Logs/AssetImportWorker0.log
-srvPort
59612
Successfully changed project path to: C:/Users/SEVAL/Desktop/Game/PersonalLibrary
C:/Users/SEVAL/Desktop/Game/PersonalLibrary
Using Asset Import Pipeline V2.
Refreshing native plugins compatible for Editor in 45.94 ms, found 0 plugins.
Preloading 0 native plugins for Editor in 0.00 ms.
Initialize engine version: 2020.2.1f1 (270dd8c3da1c)
[Subsystems] Discovering subsystems at path C:/Program Files/Unity/Hub/Editor/2020.2.1f1/Editor/Data/Resources/UnitySubsystems
[Subsystems] Discovering subsystems at path C:/Users/SEVAL/Desktop/Game/PersonalLibrary/Assets
GfxDevice: creating device client; threaded=0
Direct3D:
    Version:  Direct3D 11.0 [level 11.1]
    Renderer: NVIDIA GeForce GTX 1050 (ID=0x1c8d)
    Vendor:   
    VRAM:     4050 MB
    Driver:   22.21.13.8205
Initialize mono
Mono path[0] = 'C:/Program Files/Unity/Hub/Editor/2020.2.1f1/Editor/Data/Managed'
Mono path[1] = 'C:/Program Files/Unity/Hub/Editor/2020.2.1f1/Editor/Data/MonoBleedingEdge/lib/mono/unityjit'
Mono config path = 'C:/Program Files/Unity/Hub/Editor/2020.2.1f1/Editor/Data/MonoBleedingEdge/etc'
Using monoOptions --debugger-agent=transport=dt_socket,embedding=1,server=y,suspend=n,address=127.0.0.1:56640
Begin MonoManager ReloadAssembly
Registering precompiled unity dll's ...
Register platform support module: C:/Program Files/Unity/Hub/Editor/2020.2.1f1/Editor/Data/PlaybackEngines/WebGLSupport/UnityEditor.WebGL.Extensions.dll
Register platform support module: C:/Program Files/Unity/Hub/Editor/2020.2.1f1/Editor/Data/PlaybackEngines/WindowsStandaloneSupport/UnityEditor.WindowsStandalone.Extensions.dll
Registered in 0.003461 seconds.
Native extension for WindowsStandalone target not found
Native extension for WebGL target not found
Refreshing native plugins compatible for Editor in 40.73 ms, found 0 plugins.
Preloading 0 native plugins for Editor in 0.00 ms.
Invoked RoslynAnalysisRunner static constructor.
RoslynAnalysisRunner will not be running.
RoslynAnalysisRunner has terminated.
Mono: successfully reloaded assembly
- Completed reload, in  3.608 seconds
Platform modules already initialized, skipping
Registering precompiled user dll's ...
Registered in 0.001052 seconds.
Begin MonoManager ReloadAssembly
Native extension for WindowsStandalone target not found
Native extension for WebGL target not found
Refreshing native plugins compatible for Editor in 0.34 ms, found 0 plugins.
Preloading 0 native plugins for Editor in 0.00 ms.
Invoked RoslynAnalysisRunner static constructor.
RoslynAnalysisRunner will not be running.
RoslynAnalysisRunner has terminated.
Mono: successfully reloaded assembly
- Completed reload, in  0.974 seconds
Platform modules already initialized, skipping
========================================================================
Worker process is ready to serve import requests
Launched and connected shader compiler UnityShaderCompiler.exe after 0.06 seconds
Refreshing native plugins compatible for Editor in 0.33 ms, found 0 plugins.
Preloading 0 native plugins for Editor in 0.00 ms.
Unloading 1212 Unused Serialized files (Serialized files now loaded: 0)
System memory in use before: 59.3 MB.
System memory in use after: 59.4 MB.

Unloading 25 unused Assets to reduce memory usage. Loaded Objects now: 1638.
Total: 2.094100 ms (FindLiveObjects: 0.279800 ms CreateObjectMapping: 0.087100 ms MarkObjects: 1.630800 ms  DeleteObjects: 0.095500 ms)

========================================================================
Received Import Request.
  path: Assets/Scenes/s9-Touchscreen Movement 1.unity
  artifactKey: Guid(374e46754807e974d9be471a3a9fbd3f) Importer(815301076,1909f56bfc062723c751e8b465ee728b)
Start importing Assets/Scenes/s9-Touchscreen Movement 1.unity using Guid(374e46754807e974d9be471a3a9fbd3f) Importer(815301076,1909f56bfc062723c751e8b465ee728b)  -> (artifact id: '45d60b5829bf817e05424d8370b824c2') in 0.013641 seconds
  Import took 0.016266 seconds .

========================================================================
Received Prepare
Registering precompiled user dll's ...
Registered in 0.002026 seconds.
Begin MonoManager ReloadAssembly
Native extension for WindowsStandalone target not found
Native extension for WebGL target not found
Refreshing native plugins compatible for Editor in 0.51 ms, found 0 plugins.
Preloading 0 native plugins for Editor in 0.00 ms.
Invoked RoslynAnalysisRunner static constructor.
RoslynAnalysisRunner will not be running.
RoslynAnalysisRunner has terminated.
Mono: successfully reloaded assembly
- Completed reload, in  1.427 seconds
Platform modules already initialized, skipping
Refreshing native plugins compatible for Editor in 0.36 ms, found 0 plugins.
Preloading 0 native plugins for Editor in 0.00 ms.
Unloading 1212 Unused Serialized files (Serialized files now loaded: 0)
System memory in use before: 59.6 MB.
System memory in use after: 59.7 MB.

Unloading 20 unused Assets to reduce memory usage. Loaded Objects now: 1643.
Total: 1.769200 ms (FindLiveObjects: 0.240500 ms CreateObjectMapping: 0.037300 ms MarkObjects: 1.471400 ms  DeleteObjects: 0.018500 ms)

========================================================================
Received Import Request.
  Time since last request: 24.658415 seconds.
  path: Assets/SandBalls_Cyl.fbx
  artifactKey: Guid(e8e17d2980a79cd4a99ce88ddede2fc5) Importer(815301076,1909f56bfc062723c751e8b465ee728b)
Start importing Assets/SandBalls_Cyl.fbx using Guid(e8e17d2980a79cd4a99ce88ddede2fc5) Importer(815301076,1909f56bfc062723c751e8b465ee728b)  -> (artifact id: '96b26cf006e2c501ebc9cf489d7dcadb') in 0.791839 seconds
  Import took 0.794894 seconds .

========================================================================
Received Import Request.
  Time since last request: 11.424919 seconds.
  path: Assets/Scenes/SampleScene.unity
  artifactKey: Guid(1ec0d02e0e8fdc14cb7d08c442dfb9a6) Importer(815301076,1909f56bfc062723c751e8b465ee728b)
Start importing Assets/Scenes/SampleScene.unity using Guid(1ec0d02e0e8fdc14cb7d08c442dfb9a6) Importer(815301076,1909f56bfc062723c751e8b465ee728b)  -> (artifact id: 'c1f5ad8c9f91fd0cfdfce68d87db5abc') in 0.007635 seconds
  Import took 0.012130 seconds .

========================================================================
Received Prepare
Registering precompiled user dll's ...
Registered in 0.001118 seconds.
Begin MonoManager ReloadAssembly
Native extension for WindowsStandalone target not found
Native extension for WebGL target not found
Refreshing native plugins compatible for Editor in 0.37 ms, found 0 plugins.
Preloading 0 native plugins for Editor in 0.00 ms.
Invoked RoslynAnalysisRunner static constructor.
RoslynAnalysisRunner will not be running.
RoslynAnalysisRunner has terminated.
Mono: successfully reloaded assembly
- Completed reload, in  1.475 seconds
Platform modules already initialized, skipping
Refreshing native plugins compatible for Editor in 0.38 ms, found 0 plugins.
Preloading 0 native plugins for Editor in 0.00 ms.
Unloading 1213 Unused Serialized files (Serialized files now loaded: 0)
System memory in use before: 63.4 MB.
System memory in use after: 63.5 MB.

Unloading 20 unused Assets to reduce memory usage. Loaded Objects now: 1688.
Total: 1.915200 ms (FindLiveObjects: 0.195900 ms CreateObjectMapping: 0.044500 ms MarkObjects: 1.651200 ms  DeleteObjects: 0.022000 ms)

========================================================================
Received Import Request.
  Time since last request: 27.983285 seconds.
  path: Assets/Scenes/s10-SandBalls.unity
  artifactKey: Guid(1ec0d02e0e8fdc14cb7d08c442dfb9a6) Importer(815301076,1909f56bfc062723c751e8b465ee728b)
Start importing Assets/Scenes/s10-SandBalls.unity using Guid(1ec0d02e0e8fdc14cb7d08c442dfb9a6) Importer(815301076,1909f56bfc062723c751e8b465ee728b)  -> (artifact id: '15b4fec811862a8fa7ac58cb2dd8d6c3') in 0.011898 seconds
  Import took 0.014076 seconds .

========================================================================
Received Import Request.
  Time since last request: 4.642199 seconds.
  path: Assets/Prefabs/SandBalls_Cyl.prefab
  artifactKey: Guid(b4d11e6a011111f4bb83e9e83b4cb880) Importer(815301076,1909f56bfc062723c751e8b465ee728b)
Start importing Assets/Prefabs/SandBalls_Cyl.prefab using Guid(b4d11e6a011111f4bb83e9e83b4cb880) Importer(815301076,1909f56bfc062723c751e8b465ee728b)  -> (artifact id: '4084c90d2b2eed3623ca7ea0c4f07dea') in 0.087217 seconds
  Import took 0.090827 seconds .

========================================================================
Received Import Request.
  Time since last request: 12.187737 seconds.
  path: Assets/scripts/s10
  artifactKey: Guid(336a88d037b2499478ba9962f9d24162) Importer(815301076,1909f56bfc062723c751e8b465ee728b)
Start importing Assets/scripts/s10 using Guid(336a88d037b2499478ba9962f9d24162) Importer(815301076,1909f56bfc062723c751e8b465ee728b)  -> (artifact id: '5fa5b44d96d4a9ff4a47945e6d61508b') in 0.008603 seconds
  Import took 0.012420 seconds .

========================================================================
Received Prepare
Registering precompiled user dll's ...
Registered in 0.001215 seconds.
Begin MonoManager ReloadAssembly
Native extension for WindowsStandalone target not found
Native extension for WebGL target not found
Refreshing native plugins compatible for Editor in 0.37 ms, found 0 plugins.
Preloading 0 native plugins for Editor in 0.00 ms.
Invoked RoslynAnalysisRunner static constructor.
RoslynAnalysisRunner will not be running.
RoslynAnalysisRunner has terminated.
Mono: successfully reloaded assembly
- Completed reload, in  1.059 seconds
Platform modules already initialized, skipping
Refreshing native plugins compatible for Editor in 0.43 ms, found 0 plugins.
Preloading 0 native plugins for Editor in 0.00 ms.
Unloading 1213 Unused Serialized files (Serialized files now loaded: 0)
System memory in use before: 63.7 MB.
System memory in use after: 63.8 MB.

Unloading 20 unused Assets to reduce memory usage. Loaded Objects now: 1691.
Total: 2.147400 ms (FindLiveObjects: 0.230400 ms CreateObjectMapping: 0.107300 ms MarkObjects: 1.785600 ms  DeleteObjects: 0.022100 ms)

========================================================================
Received Prepare
Registering precompiled user dll's ...
Registered in 0.001532 seconds.
Begin MonoManager ReloadAssembly
Native extension for WindowsStandalone target not found
Native extension for WebGL target not found
Refreshing native plugins compatible for Editor in 0.35 ms, found 0 plugins.
Preloading 0 native plugins for Editor in 0.00 ms.
Invoked RoslynAnalysisRunner static constructor.
RoslynAnalysisRunner will not be running.
RoslynAnalysisRunner has terminated.
Mono: successfully reloaded assembly
- Completed reload, in  0.994 seconds
Platform modules already initialized, skipping
Refreshing native plugins compatible for Editor in 0.40 ms, found 0 plugins.
Preloading 0 native plugins for Editor in 0.00 ms.
Unloading 1213 Unused Serialized files (Serialized files now loaded: 0)
System memory in use before: 63.9 MB.
System memory in use after: 64.0 MB.

Unloading 20 unused Assets to reduce memory usage. Loaded Objects now: 1693.
Total: 1.864400 ms (FindLiveObjects: 0.174500 ms CreateObjectMapping: 0.060700 ms MarkObjects: 1.576000 ms  DeleteObjects: 0.051700 ms)

========================================================================
Received Prepare
Registering precompiled user dll's ...
Registered in 0.001026 seconds.
Begin MonoManager ReloadAssembly
Native extension for WindowsStandalone target not found
Native extension for WebGL target not found
Refreshing native plugins compatible for Editor in 0.43 ms, found 0 plugins.
Preloading 0 native plugins for Editor in 0.00 ms.
Invoked RoslynAnalysisRunner static constructor.
RoslynAnalysisRunner will not be running.
RoslynAnalysisRunner has terminated.
Mono: successfully reloaded assembly
- Completed reload, in  1.047 seconds
Platform modules already initialized, skipping
Refreshing native plugins compatible for Editor in 0.38 ms, found 0 plugins.
Preloading 0 native plugins for Editor in 0.00 ms.
Unloading 1213 Unused Serialized files (Serialized files now loaded: 0)
System memory in use before: 63.9 MB.
System memory in use after: 64.0 MB.

Unloading 20 unused Assets to reduce memory usage. Loaded Objects now: 1695.
Total: 2.028900 ms (FindLiveObjects: 0.213700 ms CreateObjectMapping: 0.068200 ms MarkObjects: 1.684100 ms  DeleteObjects: 0.060800 ms)

========================================================================
Received Import Request.
  Time since last request: 32.808786 seconds.
  path: Assets/Scenes/s11.unity
  artifactKey: Guid(6927589a7edaadb408b86923af22dd3f) Importer(815301076,1909f56bfc062723c751e8b465ee728b)
Start importing Assets/Scenes/s11.unity using Guid(6927589a7edaadb408b86923af22dd3f) Importer(815301076,1909f56bfc062723c751e8b465ee728b)  -> (artifact id: 'a4e08fcf176dadfa3f490dd68302486d') in 0.021325 seconds
  Import took 0.024947 seconds .

========================================================================
Received Import Request.
  Time since last request: 1019.467549 seconds.
  path: Assets/animations
  artifactKey: Guid(0a85bfce196b63d43b304864abcb1d70) Importer(815301076,1909f56bfc062723c751e8b465ee728b)
Start importing Assets/animations using Guid(0a85bfce196b63d43b304864abcb1d70) Importer(815301076,1909f56bfc062723c751e8b465ee728b)  -> (artifact id: 'b8dcc78c323ede32adc4a7c0731282f3') in 0.007273 seconds
  Import took 0.010287 seconds .

========================================================================
Received Import Request.
  Time since last request: 0.000726 seconds.
  path: Assets/animations
  artifactKey: Guid(0a85bfce196b63d43b304864abcb1d70) Importer(815301076,1909f56bfc062723c751e8b465ee728b)
Start importing Assets/animations using Guid(0a85bfce196b63d43b304864abcb1d70) Importer(815301076,1909f56bfc062723c751e8b465ee728b)  -> (artifact id: 'b8dcc78c323ede32adc4a7c0731282f3') in 0.006051 seconds
  Import took 0.009583 seconds .

========================================================================
Received Import Request.
  Time since last request: 18.638952 seconds.
  path: Assets/Objects
  artifactKey: Guid(f246ebca2714fd743b55dd4816155bb8) Importer(815301076,1909f56bfc062723c751e8b465ee728b)
Start importing Assets/Objects using Guid(f246ebca2714fd743b55dd4816155bb8) Importer(815301076,1909f56bfc062723c751e8b465ee728b)  -> (artifact id: '6c9f41f741e0423b50cdbd205b79a3b8') in 0.008681 seconds
  Import took 0.012344 seconds .

========================================================================
Received Import Request.
  Time since last request: 42.655956 seconds.
  path: Assets/materials/New Material 1.mat
  artifactKey: Guid(b0cfc6d34ff7f5d42acf5674903a6a7f) Importer(815301076,1909f56bfc062723c751e8b465ee728b)
Start importing Assets/materials/New Material 1.mat using Guid(b0cfc6d34ff7f5d42acf5674903a6a7f) Importer(815301076,1909f56bfc062723c751e8b465ee728b)  -> (artifact id: '57b79a7c5923c431deb4782d2b8a8681') in 0.080525 seconds
  Import took 0.083484 seconds .

========================================================================
Received Import Request.
  Time since last request: 0.000359 seconds.
  path: Assets/materials/New Material.mat
  artifactKey: Guid(cab473370cb818d418aac382e6053cd5) Importer(815301076,1909f56bfc062723c751e8b465ee728b)
Start importing Assets/materials/New Material.mat using Guid(cab473370cb818d418aac382e6053cd5) Importer(815301076,1909f56bfc062723c751e8b465ee728b)  -> (artifact id: '04a60815d55dd117b0e610d68e39db7b') in 0.017710 seconds
  Import took 0.021316 seconds .

========================================================================
Received Import Request.
  Time since last request: 0.000463 seconds.
  path: Assets/materials/New Material 3.mat
  artifactKey: Guid(c90e116523f30b740acbbe76b7d8b091) Importer(815301076,1909f56bfc062723c751e8b465ee728b)
Start importing Assets/materials/New Material 3.mat using Guid(c90e116523f30b740acbbe76b7d8b091) Importer(815301076,1909f56bfc062723c751e8b465ee728b)  -> (artifact id: '65901e1385410e386a3c10622a1c703f') in 0.018372 seconds
  Import took 0.021194 seconds .

========================================================================
Received Import Request.
  Time since last request: 0.000405 seconds.
  path: Assets/materials/New Material 4.mat
  artifactKey: Guid(2be413c541ea89340b6bd665f2758e73) Importer(815301076,1909f56bfc062723c751e8b465ee728b)
Start importing Assets/materials/New Material 4.mat using Guid(2be413c541ea89340b6bd665f2758e73) Importer(815301076,1909f56bfc062723c751e8b465ee728b)  -> (artifact id: 'fa302f7d8f1ef8be13feec73ca84d098') in 0.018974 seconds
  Import took 0.021497 seconds .

========================================================================
Received Import Request.
  Time since last request: 0.000310 seconds.
  path: Assets/materials/New Material 2.mat
  artifactKey: Guid(0222ef84a26548647896b50b6da86236) Importer(815301076,1909f56bfc062723c751e8b465ee728b)
Start importing Assets/materials/New Material 2.mat using Guid(0222ef84a26548647896b50b6da86236) Importer(815301076,1909f56bfc062723c751e8b465ee728b)  -> (artifact id: '06d8fce6d8496a921dc4dccd534d1823') in 0.039728 seconds
  Import took 0.042790 seconds .

========================================================================
Received Prepare
Registering precompiled user dll's ...
Registered in 0.001042 seconds.
Begin MonoManager ReloadAssembly
Native extension for WindowsStandalone target not found
Native extension for WebGL target not found
Refreshing native plugins compatible for Editor in 0.38 ms, found 0 plugins.
Preloading 0 native plugins for Editor in 0.00 ms.
Invoked RoslynAnalysisRunner static constructor.
RoslynAnalysisRunner will not be running.
RoslynAnalysisRunner has terminated.
Mono: successfully reloaded assembly
- Completed reload, in  1.096 seconds
Platform modules already initialized, skipping
Refreshing native plugins compatible for Editor in 0.41 ms, found 0 plugins.
Preloading 0 native plugins for Editor in 0.00 ms.
Unloading 1213 Unused Serialized files (Serialized files now loaded: 0)
System memory in use before: 64.4 MB.
System memory in use after: 64.5 MB.

Unloading 20 unused Assets to reduce memory usage. Loaded Objects now: 1698.
Total: 1.712600 ms (FindLiveObjects: 0.169100 ms CreateObjectMapping: 0.040700 ms MarkObjects: 1.478500 ms  DeleteObjects: 0.022900 ms)

========================================================================
Received Import Request.
  Time since last request: 18.511089 seconds.
  path: Assets/Prefabs/Cube 1.prefab
  artifactKey: Guid(f5e9940dff011664ab22cde99450936d) Importer(815301076,1909f56bfc062723c751e8b465ee728b)
Start importing Assets/Prefabs/Cube 1.prefab using Guid(f5e9940dff011664ab22cde99450936d) Importer(815301076,1909f56bfc062723c751e8b465ee728b)  -> (artifact id: '78bf6d55d50bca40686d8e2f47be2030') in 0.076589 seconds
  Import took 0.079171 seconds .

========================================================================
Received Import Request.
  Time since last request: 99.519509 seconds.
  path: Assets/animations/New Animation.anim
  artifactKey: Guid(01e8d32561abf8c43b6bf001506d5f48) Importer(815301076,1909f56bfc062723c751e8b465ee728b)
Start importing Assets/animations/New Animation.anim using Guid(01e8d32561abf8c43b6bf001506d5f48) Importer(815301076,1909f56bfc062723c751e8b465ee728b)  -> (artifact id: '0acf89db6b2c667e4a536bce6bff515d') in 0.018963 seconds
  Import took 0.021726 seconds .

========================================================================
Received Import Request.
  Time since last request: 5.410027 seconds.
  path: Assets/animations/TimeLine.controller
  artifactKey: Guid(ad54d000a6746834e9a1d6b3d56c1178) Importer(815301076,1909f56bfc062723c751e8b465ee728b)
Start importing Assets/animations/TimeLine.controller using Guid(ad54d000a6746834e9a1d6b3d56c1178) Importer(815301076,1909f56bfc062723c751e8b465ee728b)  -> (artifact id: '194d0fca6d65b1718d40b9b5312cd086') in 0.012029 seconds
  Import took 0.014548 seconds .

========================================================================
Received Import Request.
  Time since last request: 0.005124 seconds.
  path: Assets/animations/TimeLine.controller
  artifactKey: Guid(ad54d000a6746834e9a1d6b3d56c1178) Importer(815301076,1909f56bfc062723c751e8b465ee728b)
Start importing Assets/animations/TimeLine.controller using Guid(ad54d000a6746834e9a1d6b3d56c1178) Importer(815301076,1909f56bfc062723c751e8b465ee728b)  -> (artifact id: '194d0fca6d65b1718d40b9b5312cd086') in 0.004700 seconds
  Import took 0.008715 seconds .

========================================================================
Received Import Request.
  Time since last request: 92.726373 seconds.
  path: Assets/animations/Time Line.anim
  artifactKey: Guid(65204fe302b17d045ba3eff223e38066) Importer(815301076,1909f56bfc062723c751e8b465ee728b)
Start importing Assets/animations/Time Line.anim using Guid(65204fe302b17d045ba3eff223e38066) Importer(815301076,1909f56bfc062723c751e8b465ee728b)  -> (artifact id: 'de2dfa68b4614cb4ae30a0fb0f28f138') in 0.006136 seconds
  Import took 0.010004 seconds .

========================================================================
Received Import Request.
  Time since last request: 0.017573 seconds.
  path: Assets/animations/Time Line.anim
  artifactKey: Guid(65204fe302b17d045ba3eff223e38066) Importer(815301076,1909f56bfc062723c751e8b465ee728b)
Start importing Assets/animations/Time Line.anim using Guid(65204fe302b17d045ba3eff223e38066) Importer(815301076,1909f56bfc062723c751e8b465ee728b)  -> (artifact id: 'de2dfa68b4614cb4ae30a0fb0f28f138') in 0.006060 seconds
  Import took 0.009553 seconds .

========================================================================
Received Import Request.
  Time since last request: 462.020041 seconds.
  path: Assets/animations/Sphere.anim
  artifactKey: Guid(1a35ebfb56fbcd14286760ff0e266673) Importer(815301076,1909f56bfc062723c751e8b465ee728b)
Start importing Assets/animations/Sphere.anim using Guid(1a35ebfb56fbcd14286760ff0e266673) Importer(815301076,1909f56bfc062723c751e8b465ee728b)  -> (artifact id: '0755b3f5e4485e2e0b7e877d9226a519') in 0.005075 seconds
  Import took 0.007787 seconds .

========================================================================
Received Import Request.
  Time since last request: 0.005671 seconds.
  path: Assets/animations/Sphere.anim
  artifactKey: Guid(1a35ebfb56fbcd14286760ff0e266673) Importer(815301076,1909f56bfc062723c751e8b465ee728b)
Start importing Assets/animations/Sphere.anim using Guid(1a35ebfb56fbcd14286760ff0e266673) Importer(815301076,1909f56bfc062723c751e8b465ee728b)  -> (artifact id: '0755b3f5e4485e2e0b7e877d9226a519') in 0.005114 seconds
  Import took 0.008171 seconds .

========================================================================
Received Prepare
Registering precompiled user dll's ...
Registered in 0.001043 seconds.
Begin MonoManager ReloadAssembly
Native extension for WindowsStandalone target not found
Native extension for WebGL target not found
Refreshing native plugins compatible for Editor in 0.35 ms, found 0 plugins.
Preloading 0 native plugins for Editor in 0.00 ms.
Invoked RoslynAnalysisRunner static constructor.
RoslynAnalysisRunner will not be running.
RoslynAnalysisRunner has terminated.
Mono: successfully reloaded assembly
- Completed reload, in  1.012 seconds
Platform modules already initialized, skipping
Refreshing native plugins compatible for Editor in 0.36 ms, found 0 plugins.
Preloading 0 native plugins for Editor in 0.00 ms.
Unloading 1213 Unused Serialized files (Serialized files now loaded: 0)
System memory in use before: 64.7 MB.
System memory in use after: 64.8 MB.

Unloading 20 unused Assets to reduce memory usage. Loaded Objects now: 1702.
Total: 2.828900 ms (FindLiveObjects: 0.155800 ms CreateObjectMapping: 0.052300 ms MarkObjects: 2.570200 ms  DeleteObjects: 0.049300 ms)

========================================================================
Received Import Request.
  Time since last request: 5.729646 seconds.
  path: Assets/animations/Sphere.controller
  artifactKey: Guid(d755a5d3ecbfb794ea376de3ef149215) Importer(815301076,1909f56bfc062723c751e8b465ee728b)
Start importing Assets/animations/Sphere.controller using Guid(d755a5d3ecbfb794ea376de3ef149215) Importer(815301076,1909f56bfc062723c751e8b465ee728b)  -> (artifact id: 'f1d0dfca8e81d3e4676ebe0f724dd1b6') in 0.014398 seconds
  Import took 0.017209 seconds .

========================================================================
Received Prepare
Registering precompiled user dll's ...
Registered in 0.001001 seconds.
Begin MonoManager ReloadAssembly
Native extension for WindowsStandalone target not found
Native extension for WebGL target not found
Refreshing native plugins compatible for Editor in 0.38 ms, found 0 plugins.
Preloading 0 native plugins for Editor in 0.00 ms.
Invoked RoslynAnalysisRunner static constructor.
RoslynAnalysisRunner will not be running.
RoslynAnalysisRunner has terminated.
Mono: successfully reloaded assembly
- Completed reload, in  1.071 seconds
Platform modules already initialized, skipping
Refreshing native plugins compatible for Editor in 0.39 ms, found 0 plugins.
Preloading 0 native plugins for Editor in 0.00 ms.
Unloading 1213 Unused Serialized files (Serialized files now loaded: 0)
System memory in use before: 64.9 MB.
System memory in use after: 65.0 MB.

Unloading 20 unused Assets to reduce memory usage. Loaded Objects now: 1704.
Total: 2.319300 ms (FindLiveObjects: 0.268900 ms CreateObjectMapping: 0.351700 ms MarkObjects: 1.648400 ms  DeleteObjects: 0.048700 ms)

========================================================================
Received Prepare
Registering precompiled user dll's ...
Registered in 0.001280 seconds.
Begin MonoManager ReloadAssembly
Native extension for WindowsStandalone target not found
Native extension for WebGL target not found
Refreshing native plugins compatible for Editor in 0.38 ms, found 0 plugins.
Preloading 0 native plugins for Editor in 0.00 ms.
Invoked RoslynAnalysisRunner static constructor.
RoslynAnalysisRunner will not be running.
RoslynAnalysisRunner has terminated.
Mono: successfully reloaded assembly
- Completed reload, in  1.645 seconds
Platform modules already initialized, skipping
Refreshing native plugins compatible for Editor in 0.40 ms, found 0 plugins.
Preloading 0 native plugins for Editor in 0.00 ms.
Unloading 1213 Unused Serialized files (Serialized files now loaded: 0)
System memory in use before: 65.1 MB.
System memory in use after: 65.2 MB.

Unloading 20 unused Assets to reduce memory usage. Loaded Objects now: 1706.
Total: 2.108900 ms (FindLiveObjects: 0.274000 ms CreateObjectMapping: 0.099200 ms MarkObjects: 1.681100 ms  DeleteObjects: 0.053400 ms)

========================================================================
Received Prepare
Registering precompiled user dll's ...
Registered in 0.001040 seconds.
Begin MonoManager ReloadAssembly
Native extension for WindowsStandalone target not found
Native extension for WebGL target not found
Refreshing native plugins compatible for Editor in 0.38 ms, found 0 plugins.
Preloading 0 native plugins for Editor in 0.00 ms.
Invoked RoslynAnalysisRunner static constructor.
RoslynAnalysisRunner will not be running.
RoslynAnalysisRunner has terminated.
Mono: successfully reloaded assembly
- Completed reload, in  1.477 seconds
Platform modules already initialized, skipping
Refreshing native plugins compatible for Editor in 0.51 ms, found 0 plugins.
Preloading 0 native plugins for Editor in 0.00 ms.
Unloading 1213 Unused Serialized files (Serialized files now loaded: 0)
System memory in use before: 64.3 MB.
System memory in use after: 64.4 MB.

Unloading 20 unused Assets to reduce memory usage. Loaded Objects now: 1708.
Total: 2.682600 ms (FindLiveObjects: 0.224000 ms CreateObjectMapping: 0.083600 ms MarkObjects: 2.329600 ms  DeleteObjects: 0.043600 ms)

AssetImportWorkerClient::OnTransportError - code=2 error=End of file
